<?xml version="1.0" encoding="UTF-8" ?>
<testsuite tests="7" failures="0" name="iam.davidmanangan.payroll.PayrollAppTest" time="1.164" errors="0" skipped="0">
  <properties>
[...]
</properties>
  <testcase classname="iam.davidmanangan.payroll.PayrollAppTest" name="test_employee_records_with_incorrect_salary_format" time="0.773"/>
  <testcase classname="iam.davidmanangan.payroll.PayrollAppTest" name="test_employee_records_with_comments_csv_upload" time="0.089"/>
  <testcase classname="iam.davidmanangan.payroll.PayrollAppTest" name="test_employee_records_upload_with_only_the_header_information" time="0.069"/>
  <testcase classname="iam.davidmanangan.payroll.PayrollAppTest" name="test_empty_file_upload" time="0.059"/>
  <testcase classname="iam.davidmanangan.payroll.PayrollAppTest" name="test_employee_records_csv_upload" time="0.058"/>
  <testcase classname="iam.davidmanangan.payroll.PayrollAppTest" name="test_employee_records_with_negative_salary" time="0.053"/>
  <testcase classname="iam.davidmanangan.payroll.PayrollAppTest" name="test_employee_records_with_incomplete_columns" time="0.063"/>
</testsuite>